\BOOKMARK [0][-]{dummy.1}{\376\377\000A\000b\000s\000t\000r\000a\000c\000t}{}% 1
\BOOKMARK [0][-]{chapter.3}{\376\377\0001\000\040\000I\000n\000t\000r\000o\000d\000u\000c\000t\000i\000o\000n}{}% 2
\BOOKMARK [1][-]{section.4}{\376\377\0001\000.\0001\000\040\000R\000a\000n\000d\000o\000m}{chapter.3}% 3
\BOOKMARK [0][-]{chapter.5}{\376\377\0002\000\040\000L\000i\000t\000e\000r\000a\000t\000u\000r\000e\000\040\000r\000e\000v\000i\000e\000w}{}% 4
\BOOKMARK [1][-]{section.6}{\376\377\0002\000.\0001\000\040\000D\000e\000f\000o\000r\000m\000a\000t\000i\000o\000n\000\040\000m\000o\000d\000e\000s}{chapter.5}% 5
\BOOKMARK [2][-]{subsection.8}{\376\377\0002\000.\0001\000.\0001\000\040\000S\000l\000i\000p}{section.6}% 6
\BOOKMARK [2][-]{subsection.9}{\376\377\0002\000.\0001\000.\0002\000\040\000T\000w\000i\000n\000n\000i\000n\000g}{section.6}% 7
\BOOKMARK [1][-]{section.11}{\376\377\0002\000.\0002\000\040\000T\000e\000x\000t\000u\000r\000e\000\040\000d\000e\000v\000e\000l\000o\000p\000m\000e\000n\000t}{chapter.5}% 8
\BOOKMARK [1][-]{section.13}{\376\377\0002\000.\0003\000\040\000P\000o\000l\000y\000c\000r\000y\000s\000t\000a\000l\000\040\000n\000e\000i\000g\000h\000b\000o\000u\000r\000h\000o\000o\000d\000\040\000e\000f\000f\000e\000c\000t\000s}{chapter.5}% 9
\BOOKMARK [2][-]{subsection.14}{\376\377\0002\000.\0003\000.\0001\000\040\000S\000l\000i\000p\000\040\000t\000r\000a\000n\000s\000f\000e\000r}{section.13}% 10
\BOOKMARK [2][-]{subsection.15}{\376\377\0002\000.\0003\000.\0002\000\040\000S\000t\000r\000a\000i\000n\000\040\000n\000e\000t\000w\000o\000r\000k\000s}{section.13}% 11
\BOOKMARK [1][-]{section.16}{\376\377\0002\000.\0004\000\040\000C\000r\000y\000s\000t\000a\000l\000\040\000p\000l\000a\000s\000t\000i\000c\000i\000t\000y\000\040\000m\000o\000d\000e\000l\000l\000i\000n\000g}{chapter.5}% 12
\BOOKMARK [0][-]{chapter.17}{\376\377\0003\000\040\000R\000e\000s\000e\000a\000r\000c\000h\000\040\000a\000i\000m\000s}{}% 13
\BOOKMARK [1][-]{section.18}{\376\377\0003\000.\0001\000\040\000A\000i\000m\000s}{chapter.17}% 14
\BOOKMARK [1][-]{section.23}{\376\377\0003\000.\0002\000\040\000O\000b\000j\000e\000c\000t\000i\000v\000e\000s}{chapter.17}% 15
\BOOKMARK [0][-]{chapter.24}{\376\377\0004\000\040\000M\000e\000t\000h\000o\000d\000o\000l\000o\000g\000y}{}% 16
\BOOKMARK [1][-]{section.25}{\376\377\0004\000.\0001\000\040\000H\000o\000t\000\040\000I\000s\000o\000s\000t\000a\000t\000i\000c\000\040\000P\000r\000e\000s\000s\000\040\000\050\000H\000I\000P\000\051}{chapter.24}% 17
\BOOKMARK [1][-]{section.33}{\376\377\0004\000.\0002\000\040\000O\000p\000t\000i\000c\000a\000l\000\040\000m\000i\000c\000r\000o\000s\000c\000o\000p\000y}{chapter.24}% 18
\BOOKMARK [1][-]{section.34}{\376\377\0004\000.\0003\000\040\000E\000l\000e\000c\000t\000r\000o\000n\000\040\000B\000a\000c\000k\000s\000c\000a\000t\000t\000e\000r\000\040\000D\000i\000f\000f\000r\000a\000c\000t\000i\000o\000n\000\040\000\050\000E\000B\000S\000D\000\051}{chapter.24}% 19
\BOOKMARK [1][-]{section.35}{\376\377\0004\000.\0004\000\040\000M\000e\000c\000h\000a\000n\000i\000c\000a\000l\000\040\000t\000e\000s\000t\000i\000n\000g}{chapter.24}% 20
\BOOKMARK [1][-]{section.36}{\376\377\0004\000.\0005\000\040\000C\000r\000y\000s\000t\000a\000l\000\040\000p\000l\000a\000s\000t\000i\000c\000i\000t\000y\000\040\000m\000o\000d\000e\000l\000l\000i\000n\000g}{chapter.24}% 21
\BOOKMARK [0][-]{chapter.37}{\376\377\0005\000\040\000R\000e\000s\000e\000a\000r\000c\000h\000\040\000c\000o\000m\000p\000l\000e\000t\000e\000d\000\040\000t\000o\000\040\000d\000a\000t\000e}{}% 22
\BOOKMARK [1][-]{section.38}{\376\377\0005\000.\0001\000\040\000C\000P\000-\000T\000i\000\040\000p\000l\000a\000t\000e}{chapter.37}% 23
\BOOKMARK [1][-]{section.42}{\376\377\0005\000.\0002\000\040\000H\000I\000P\000\040\000\043\0001\000:\000\040\000A\000b\000n\000o\000r\000m\000a\000l\000\040\000g\000r\000a\000i\000n\000\040\000g\000r\000o\000w\000t\000h}{chapter.37}% 24
\BOOKMARK [1][-]{section.44}{\376\377\0005\000.\0003\000\040\000H\000I\000P\000\040\000\043\0002\000:\000\040\000S\000u\000c\000c\000e\000s\000s}{chapter.37}% 25
\BOOKMARK [2][-]{subsection.46}{\376\377\0005\000.\0003\000.\0001\000\040\000G\000e\000o\000m\000e\000t\000r\000i\000c\000\040\000c\000o\000m\000p\000a\000t\000i\000b\000i\000l\000i\000t\000y}{section.44}% 26
\BOOKMARK [0][-]{chapter.48}{\376\377\0006\000\040\000P\000r\000o\000p\000o\000s\000e\000d\000\040\000r\000e\000s\000e\000a\000r\000c\000h}{}% 27
\BOOKMARK [1][-]{section.49}{\376\377\0006\000.\0001\000\040\000M\000e\000c\000h\000a\000n\000i\000c\000a\000l\000\040\000t\000e\000s\000t\000i\000n\000g\000\040\000o\000f\000\040\000H\000I\000P\000e\000d\000\040\000m\000a\000t\000e\000r\000i\000a\000l}{chapter.48}% 28
\BOOKMARK [1][-]{section.50}{\376\377\0006\000.\0002\000\040\000H\000R\000-\000D\000I\000C\000\040\000i\000n\000-\000s\000i\000t\000u\000\040\000t\000e\000s\000t\000i\000n\000g}{chapter.48}% 29
\BOOKMARK [1][-]{section.51}{\376\377\0006\000.\0003\000\040\000R\000o\000l\000l\000i\000n\000g\000\040\000H\000I\000P\000e\000d\000\040\000m\000a\000t\000e\000r\000i\000a\000l}{chapter.48}% 30
\BOOKMARK [1][-]{section.52}{\376\377\0006\000.\0004\000\040\000C\000r\000y\000s\000t\000a\000l\000\040\000p\000l\000a\000s\000t\000i\000c\000i\000t\000y\000\040\000m\000o\000d\000e\000l\000l\000i\000n\000g}{chapter.48}% 31
\BOOKMARK [1][-]{section.53}{\376\377\0006\000.\0005\000\040\000I\000r\000r\000a\000d\000i\000a\000t\000i\000o\000n}{chapter.48}% 32
\BOOKMARK [1][-]{section.54}{\376\377\0006\000.\0006\000\040\000X\000-\000r\000a\000y\000\040\000/\000\040\000n\000e\000u\000t\000r\000o\000n\000\040\000d\000i\000f\000f\000r\000a\000c\000t\000i\000o\000n\000\040\000i\000n\000-\000s\000i\000t\000u\000\040\000l\000o\000a\000d\000i\000n\000g}{chapter.48}% 33
\BOOKMARK [0][-]{chapter.55}{\376\377\0007\000\040\000R\000e\000s\000e\000a\000r\000c\000h\000\040\000c\000o\000m\000m\000u\000n\000i\000c\000a\000t\000i\000o\000n}{}% 34
\BOOKMARK [0][-]{dummy.56}{\376\377\000B\000i\000b\000l\000i\000o\000g\000r\000a\000p\000h\000y}{}% 35
