This is pdfTeX, Version 3.141592653-2.6-1.40.27 (TeX Live 2025) (preloaded format=pdflatex 2025.3.23)  25 MAR 2025 01:31
entering extended mode
 restricted \write18 enabled.
 file:line:error style messages enabled.
 %&-line parsing enabled.
**c:/Users/ethan/Study/PhD/confirmation-1/Thesis.tex
(c:/Users/ethan/Study/PhD/confirmation-1/Thesis.tex
LaTeX2e <2024-11-01> patch level 2
L3 programming layer <2025-01-18>
(./Thesis.cls
Document Class: Thesis 2007/22/02 v1.0 LaTeX document class
(c:/texlive/2025/texmf-dist/tex/latex/base/book.cls
Document Class: book 2024/06/29 v1.4n Standard LaTeX document class
(c:/texlive/2025/texmf-dist/tex/latex/base/bk11.clo
File: bk11.clo 2024/06/29 v1.4n Standard LaTeX file (size option)
)
\c@part=\count196
\c@chapter=\count197
\c@section=\count198
\c@subsection=\count199
\c@subsubsection=\count266
\c@paragraph=\count267
\c@subparagraph=\count268
\c@figure=\count269
\c@table=\count270
\abovecaptionskip=\skip49
\belowcaptionskip=\skip50
\bibindent=\dimen141
) (c:/texlive/2025/texmf-dist/tex/latex/setspace/setspace.sty
Package: setspace 2022/12/04 v6.7b set line spacing
) (c:/texlive/2025/texmf-dist/tex/latex/vmargin/vmargin.sty
Package: vmargin 2004/07/15 V2.5 set document margins (VK)

Package: vmargin 2004/07/15 V2.5 set document margins (VK)
\PaperWidth=\dimen142
\PaperHeight=\dimen143
) (c:/texlive/2025/texmf-dist/tex/latex/fancyhdr/fancyhdr.sty
Package: fancyhdr 2025/02/07 v5.2 Extensive control of page headers and footers
\f@nch@headwidth=\skip51
\f@nch@offset@elh=\skip52
\f@nch@offset@erh=\skip53
\f@nch@offset@olh=\skip54
\f@nch@offset@orh=\skip55
\f@nch@offset@elf=\skip56
\f@nch@offset@erf=\skip57
\f@nch@offset@olf=\skip58
\f@nch@offset@orf=\skip59
\f@nch@height=\skip60
\f@nch@footalignment=\skip61
\f@nch@widthL=\skip62
\f@nch@widthC=\skip63
\f@nch@widthR=\skip64
\@temptokenb=\toks17
) (c:/texlive/2025/texmf-dist/tex/latex/amsmath/amsmath.sty
Package: amsmath 2024/11/05 v2.17t AMS math features
\@mathmargin=\skip65

For additional information on amsmath, use the `?' option.
(c:/texlive/2025/texmf-dist/tex/latex/amsmath/amstext.sty
Package: amstext 2021/08/26 v2.01 AMS text
 (c:/texlive/2025/texmf-dist/tex/latex/amsmath/amsgen.sty
File: amsgen.sty 1999/11/30 v2.0 generic functions
\@emptytoks=\toks18
\ex@=\dimen144
)) (c:/texlive/2025/texmf-dist/tex/latex/amsmath/amsbsy.sty
Package: amsbsy 1999/11/29 v1.2d Bold Symbols
\pmbraise@=\dimen145
) (c:/texlive/2025/texmf-dist/tex/latex/amsmath/amsopn.sty
Package: amsopn 2022/04/08 v2.04 operator names
)
\inf@bad=\count271
LaTeX Info: Redefining \frac on input line 233.
\uproot@=\count272
\leftroot@=\count273
LaTeX Info: Redefining \overline on input line 398.
LaTeX Info: Redefining \colon on input line 409.
\classnum@=\count274
\DOTSCASE@=\count275
LaTeX Info: Redefining \ldots on input line 495.
LaTeX Info: Redefining \dots on input line 498.
LaTeX Info: Redefining \cdots on input line 619.
\Mathstrutbox@=\box52
\strutbox@=\box53
LaTeX Info: Redefining \big on input line 721.
LaTeX Info: Redefining \Big on input line 722.
LaTeX Info: Redefining \bigg on input line 723.
LaTeX Info: Redefining \Bigg on input line 724.
\big@size=\dimen146
LaTeX Font Info:    Redeclaring font encoding OML on input line 742.
LaTeX Font Info:    Redeclaring font encoding OMS on input line 743.
\macc@depth=\count276
LaTeX Info: Redefining \bmod on input line 904.
LaTeX Info: Redefining \pmod on input line 909.
LaTeX Info: Redefining \smash on input line 939.
LaTeX Info: Redefining \relbar on input line 969.
LaTeX Info: Redefining \Relbar on input line 970.
\c@MaxMatrixCols=\count277
\dotsspace@=\muskip17
\c@parentequation=\count278
\dspbrk@lvl=\count279
\tag@help=\toks19
\row@=\count280
\column@=\count281
\maxfields@=\count282
\andhelp@=\toks20
\eqnshift@=\dimen147
\alignsep@=\dimen148
\tagshift@=\dimen149
\tagwidth@=\dimen150
\totwidth@=\dimen151
\lineht@=\dimen152
\@envbody=\toks21
\multlinegap=\skip66
\multlinetaggap=\skip67
\mathdisplay@stack=\toks22
LaTeX Info: Redefining \[ on input line 2953.
LaTeX Info: Redefining \] on input line 2954.
) (c:/texlive/2025/texmf-dist/tex/latex/amsfonts/amsfonts.sty
Package: amsfonts 2013/01/14 v3.01 Basic AMSFonts support
\symAMSa=\mathgroup4
\symAMSb=\mathgroup5
LaTeX Font Info:    Redeclaring math symbol \hbar on input line 98.
LaTeX Font Info:    Overwriting math alphabet `\mathfrak' in version `bold'
(Font)                  U/euf/m/n --> U/euf/b/n on input line 106.
) (c:/texlive/2025/texmf-dist/tex/latex/amsfonts/amssymb.sty
Package: amssymb 2013/01/14 v3.01 AMS font symbols
) (c:/texlive/2025/texmf-dist/tex/latex/amsmath/amscd.sty
Package: amscd 2017/04/14 v2.1 AMS Commutative Diagrams
\athelp@=\toks23
\minaw@=\dimen153
\bigaw@=\dimen154
\minCDarrowwidth=\dimen155
) (c:/texlive/2025/texmf-dist/tex/latex/amscls/amsthm.sty
Package: amsthm 2020/05/29 v2.20.6
\thm@style=\toks24
\thm@bodyfont=\toks25
\thm@headfont=\toks26
\thm@notefont=\toks27
\thm@headpunct=\toks28
\thm@preskip=\skip68
\thm@postskip=\skip69
\thm@headsep=\skip70
\dth@everypar=\toks29
) (c:/texlive/2025/texmf-dist/tex/latex/tools/xspace.sty
Package: xspace 2014/10/28 v1.13 Space after command names (DPC,MH)
)
\c@example=\count283
\c@theorem=\count284
 (c:/texlive/2025/texmf-dist/tex/latex/caption/caption.sty
Package: caption 2023/08/05 v3.6o Customizing captions (AR)
 (c:/texlive/2025/texmf-dist/tex/latex/caption/caption3.sty
Package: caption3 2023/07/31 v2.4d caption3 kernel (AR)
 (c:/texlive/2025/texmf-dist/tex/latex/graphics/keyval.sty
Package: keyval 2022/05/29 v1.15 key=value parser (DPC)
\KV@toks@=\toks30
)
\caption@tempdima=\dimen156
\captionmargin=\dimen157
\caption@leftmargin=\dimen158
\caption@rightmargin=\dimen159
\caption@width=\dimen160
\caption@indent=\dimen161
\caption@parindent=\dimen162
\caption@hangindent=\dimen163
Package caption Info: Standard document class detected.
)
\c@caption@flags=\count285
\c@continuedfloat=\count286
) (c:/texlive/2025/texmf-dist/tex/latex/graphics/graphicx.sty
Package: graphicx 2021/09/16 v1.2d Enhanced LaTeX Graphics (DPC,SPQR)
 (c:/texlive/2025/texmf-dist/tex/latex/graphics/graphics.sty
Package: graphics 2024/08/06 v1.4g Standard LaTeX Graphics (DPC,SPQR)
 (c:/texlive/2025/texmf-dist/tex/latex/graphics/trig.sty
Package: trig 2023/12/02 v1.11 sin cos tan (DPC)
) (c:/texlive/2025/texmf-dist/tex/latex/graphics-cfg/graphics.cfg
File: graphics.cfg 2016/06/04 v1.11 sample graphics configuration
)
Package graphics Info: Driver file: pdftex.def on input line 106.
 (c:/texlive/2025/texmf-dist/tex/latex/graphics-def/pdftex.def
File: pdftex.def 2024/04/13 v1.2c Graphics/color driver for pdftex
))
\Gin@req@height=\dimen164
\Gin@req@width=\dimen165
) (c:/texlive/2025/texmf-dist/tex/latex/epstopdf-pkg/epstopdf.sty
Package: epstopdf 2020-01-24 v2.11 Conversion with epstopdf on the fly (HO)
 (c:/texlive/2025/texmf-dist/tex/generic/infwarerr/infwarerr.sty
Package: infwarerr 2019/12/03 v1.5 Providing info/warning/error messages (HO)
) (c:/texlive/2025/texmf-dist/tex/latex/grfext/grfext.sty
Package: grfext 2019/12/03 v1.3 Manage graphics extensions (HO)
 (c:/texlive/2025/texmf-dist/tex/generic/kvdefinekeys/kvdefinekeys.sty
Package: kvdefinekeys 2019-12-19 v1.6 Define keys (HO)
)) (c:/texlive/2025/texmf-dist/tex/latex/kvoptions/kvoptions.sty
Package: kvoptions 2022-06-15 v3.15 Key value format for package options (HO)
 (c:/texlive/2025/texmf-dist/tex/generic/ltxcmds/ltxcmds.sty
Package: ltxcmds 2023-12-04 v1.26 LaTeX kernel commands for general use (HO)
) (c:/texlive/2025/texmf-dist/tex/latex/kvsetkeys/kvsetkeys.sty
Package: kvsetkeys 2022-10-05 v1.19 Key value parser (HO)
)) (c:/texlive/2025/texmf-dist/tex/generic/pdftexcmds/pdftexcmds.sty
Package: pdftexcmds 2020-06-27 v0.33 Utility functions of pdfTeX for LuaTeX (HO)
 (c:/texlive/2025/texmf-dist/tex/generic/iftex/iftex.sty
Package: iftex 2024/12/12 v1.0g TeX engine tests
)
Package pdftexcmds Info: \pdf@primitive is available.
Package pdftexcmds Info: \pdf@ifprimitive is available.
Package pdftexcmds Info: \pdfdraftmode found.
) (c:/texlive/2025/texmf-dist/tex/latex/epstopdf-pkg/epstopdf-base.sty
Package: epstopdf-base 2020-01-24 v2.11 Base part for package epstopdf
Package epstopdf-base Info: Redefining graphics rule for `.eps' on input line 485.
Package grfext Info: Graphics extension search list:
(grfext)             [.pdf,.png,.jpg,.mps,.jpeg,.jbig2,.jb2,.PDF,.PNG,.JPG,.JPEG,.JBIG2,.JB2,.eps]
(grfext)             \AppendGraphicsExtensions on input line 504.
 (c:/texlive/2025/texmf-dist/tex/latex/latexconfig/epstopdf-sys.cfg
File: epstopdf-sys.cfg 2010/07/13 v1.3 Configuration of (r)epstopdf for TeX Live
))) (c:/texlive/2025/texmf-dist/tex/latex/subfigure/subfigure.sty
Package: subfigure 2002/03/15 v2.1.5 subfigure package
\subfigtopskip=\skip71
\subfigcapskip=\skip72
\subfigcaptopadj=\dimen166
\subfigbottomskip=\skip73
\subfigcapmargin=\dimen167
\subfiglabelskip=\skip74
\c@subfigure=\count287
\c@lofdepth=\count288
\c@subtable=\count289
\c@lotdepth=\count290

****************************************
* Local config file subfigure.cfg used *
****************************************
(c:/texlive/2025/texmf-dist/tex/latex/subfigure/subfigure.cfg)
\subfig@top=\skip75
\subfig@bottom=\skip76
) (c:/texlive/2025/texmf-dist/tex/latex/booktabs/booktabs.sty
Package: booktabs 2020/01/12 v1.61803398 Publication quality tables
\heavyrulewidth=\dimen168
\lightrulewidth=\dimen169
\cmidrulewidth=\dimen170
\belowrulesep=\dimen171
\belowbottomsep=\dimen172
\aboverulesep=\dimen173
\abovetopsep=\dimen174
\cmidrulesep=\dimen175
\cmidrulekern=\dimen176
\defaultaddspace=\dimen177
\@cmidla=\count291
\@cmidlb=\count292
\@aboverulesep=\dimen178
\@belowrulesep=\dimen179
\@thisruleclass=\count293
\@lastruleclass=\count294
\@thisrulewidth=\dimen180
) (c:/texlive/2025/texmf-dist/tex/latex/graphics/rotating.sty
Package: rotating 2016/08/11 v2.16d rotated objects in LaTeX
 (c:/texlive/2025/texmf-dist/tex/latex/base/ifthen.sty
Package: ifthen 2024/03/16 v1.1e Standard LaTeX ifthen package (DPC)
)
\c@r@tfl@t=\count295
\rotFPtop=\skip77
\rotFPbot=\skip78
\rot@float@box=\box54
\rot@mess@toks=\toks31
) (c:/texlive/2025/texmf-dist/tex/latex/listings/listings.sty
\lst@mode=\count296
\lst@gtempboxa=\box55
\lst@token=\toks32
\lst@length=\count297
\lst@currlwidth=\dimen181
\lst@column=\count298
\lst@pos=\count299
\lst@lostspace=\dimen182
\lst@width=\dimen183
\lst@newlines=\count300
\lst@lineno=\count301
\lst@maxwidth=\dimen184
 (./lstpatch.sty

***
*** This is a patch for listings 1.3, but you're using
*** version 1.10c.
***
*** Patch file not loaded.
***

) (c:/texlive/2025/texmf-dist/tex/latex/listings/lstmisc.sty
File: lstmisc.sty 2024/09/23 1.10c (Carsten Heinz)
\c@lstnumber=\count302
\lst@skipnumbers=\count303
\lst@framebox=\box56
) (c:/texlive/2025/texmf-dist/tex/latex/listings/listings.cfg
File: listings.cfg 2024/09/23 1.10c listings configuration
))
Package: listings 2024/09/23 1.10c (Carsten Heinz)
 (./lstpatch.sty

***
*** This is a patch for listings 1.3, but you're using
*** version 1.10c.
***
 *** Patch file not loaded.
***

) (c:/texlive/2025/texmf-dist/tex/latex/hyperref/hyperref.sty
Package: hyperref 2024-11-05 v7.01l Hypertext links for LaTeX
 (c:/texlive/2025/texmf-dist/tex/generic/pdfescape/pdfescape.sty
Package: pdfescape 2019/12/09 v1.15 Implements pdfTeX's escape features (HO)
) (c:/texlive/2025/texmf-dist/tex/latex/hycolor/hycolor.sty
Package: hycolor 2020-01-27 v1.10 Color options for hyperref/bookmark (HO)
) (c:/texlive/2025/texmf-dist/tex/latex/hyperref/nameref.sty
Package: nameref 2023-11-26 v2.56 Cross-referencing by name of section
 (c:/texlive/2025/texmf-dist/tex/latex/refcount/refcount.sty
Package: refcount 2019/12/15 v3.6 Data extraction from label references (HO)
) (c:/texlive/2025/texmf-dist/tex/generic/gettitlestring/gettitlestring.sty
Package: gettitlestring 2019/12/15 v1.6 Cleanup title references (HO)
)
\c@section@level=\count304
) (c:/texlive/2025/texmf-dist/tex/latex/etoolbox/etoolbox.sty
Package: etoolbox 2025/02/11 v2.5l e-TeX tools for LaTeX (JAW)
\etb@tempcnta=\count305
) (c:/texlive/2025/texmf-dist/tex/generic/stringenc/stringenc.sty
Package: stringenc 2019/11/29 v1.12 Convert strings between diff. encodings (HO)
)
\@linkdim=\dimen185
\Hy@linkcounter=\count306
\Hy@pagecounter=\count307
 (c:/texlive/2025/texmf-dist/tex/latex/hyperref/pd1enc.def
File: pd1enc.def 2024-11-05 v7.01l Hyperref: PDFDocEncoding definition (HO)
Now handling font encoding PD1 ...
... no UTF-8 mapping file for font encoding PD1
) (c:/texlive/2025/texmf-dist/tex/generic/intcalc/intcalc.sty
Package: intcalc 2019/12/15 v1.3 Expandable calculations with integers (HO)
)
\Hy@SavedSpaceFactor=\count308
 (c:/texlive/2025/texmf-dist/tex/latex/hyperref/puenc.def
File: puenc.def 2024-11-05 v7.01l Hyperref: PDF Unicode definition (HO)
Now handling font encoding PU ...
... no UTF-8 mapping file for font encoding PU
)
Package hyperref Info: Option `bookmarks' set `true' on input line 4040.
Package hyperref Info: Option `bookmarksopen' set `true' on input line 4040.
Package hyperref Info: Option `bookmarksnumbered' set `true' on input line 4040.
Package hyperref Info: Option `hypertexnames' set `false' on input line 4040.
Package hyperref Info: Option `colorlinks' set `true' on input line 4040.
Package hyperref Info: Option `unicode' set `true' on input line 4040.
Package hyperref Info: Option `breaklinks' set `true' on input line 4040.
Package hyperref Info: Hyper figures OFF on input line 4157.
Package hyperref Info: Link nesting OFF on input line 4162.
Package hyperref Info: Hyper index ON on input line 4165.
Package hyperref Info: Plain pages OFF on input line 4172.
Package hyperref Info: Backreferencing OFF on input line 4177.
Package hyperref Info: Implicit mode ON; LaTeX internals redefined.
Package hyperref Info: Bookmarks ON on input line 4424.
\c@Hy@tempcnt=\count309
 (c:/texlive/2025/texmf-dist/tex/latex/url/url.sty
\Urlmuskip=\muskip18
Package: url 2013/09/16  ver 3.4  Verb mode for urls, etc.
)
LaTeX Info: Redefining \url on input line 4763.
\XeTeXLinkMargin=\dimen186
 (c:/texlive/2025/texmf-dist/tex/generic/bitset/bitset.sty
Package: bitset 2019/12/09 v1.3 Handle bit-vector datatype (HO)
 (c:/texlive/2025/texmf-dist/tex/generic/bigintcalc/bigintcalc.sty
Package: bigintcalc 2019/12/15 v1.5 Expandable calculations on big integers (HO)
))
\Fld@menulength=\count310
\Field@Width=\dimen187
\Fld@charsize=\dimen188
Package hyperref Info: Hyper figures OFF on input line 6042.
Package hyperref Info: Link nesting OFF on input line 6047.
Package hyperref Info: Hyper index ON on input line 6050.
Package hyperref Info: backreferencing OFF on input line 6057.
Package hyperref Info: Link coloring ON on input line 6060.
Package hyperref Info: Link coloring with OCG OFF on input line 6067.
Package hyperref Info: PDF/A mode OFF on input line 6072.
 (c:/texlive/2025/texmf-dist/tex/latex/base/atbegshi-ltx.sty
Package: atbegshi-ltx 2021/01/10 v1.0c Emulation of the original atbegshi
package with kernel methods
)
\Hy@abspage=\count311
\c@Item=\count312
\c@Hfootnote=\count313
)
Package hyperref Info: Driver (autodetected): hpdftex.
 (c:/texlive/2025/texmf-dist/tex/latex/hyperref/hpdftex.def
File: hpdftex.def 2024-11-05 v7.01l Hyperref driver for pdfTeX
 (c:/texlive/2025/texmf-dist/tex/latex/base/atveryend-ltx.sty
Package: atveryend-ltx 2020/08/19 v1.0a Emulation of the original atveryend package
with kernel methods
)
\Fld@listcount=\count314
\c@bookmark@seq@number=\count315
 (c:/texlive/2025/texmf-dist/tex/latex/rerunfilecheck/rerunfilecheck.sty
Package: rerunfilecheck 2022-07-10 v1.10 Rerun checks for auxiliary files (HO)
 (c:/texlive/2025/texmf-dist/tex/generic/uniquecounter/uniquecounter.sty
Package: uniquecounter 2019/12/15 v1.4 Provide unlimited unique counter (HO)
)
Package uniquecounter Info: New unique counter `rerunfilecheck' on input line 285.
)
\Hy@SectionHShift=\skip79
)
\c@dummy=\count316
 (c:/texlive/2025/texmf-dist/tex/latex/tools/longtable.sty
Package: longtable 2024-10-27 v4.22 Multi-page Table package (DPC)
\LTleft=\skip80
\LTright=\skip81
\LTpre=\skip82
\LTpost=\skip83
\LTchunksize=\count317
\LTcapwidth=\dimen189
\LT@head=\box57
\LT@firsthead=\box58
\LT@foot=\box59
\LT@lastfoot=\box60
\LT@gbox=\box61
\LT@cols=\count318
\LT@rows=\count319
\c@LT@tables=\count320
\c@LT@chunks=\count321
\LT@p@ftn=\toks33
)) (c:/texlive/2025/texmf-dist/tex/latex/natbib/natbib.sty
Package: natbib 2010/09/13 8.31b (PWD, AO)
\bibhang=\skip84
\bibsep=\skip85
LaTeX Info: Redefining \cite on input line 694.
\c@NAT@ctr=\count322
) (c:/texlive/2025/texmf-dist/tex/latex/tools/verbatim.sty
Package: verbatim 2024-01-22 v1.5x LaTeX2e package for verbatim enhancements
\every@verbatim=\toks34
\verbatim@line=\toks35
\verbatim@in@stream=\read2
) (./vector.sty
Package: vector 1994/09/16 v1.0 vector macros for LaTeX2e (nde)
 (c:/texlive/2025/texmf-dist/tex/latex/tools/calc.sty
Package: calc 2023/07/08 v4.3 Infix arithmetic (KKT,FJ)
\calc@Acount=\count323
\calc@Bcount=\count324
\calc@Adimen=\dimen190
\calc@Bdimen=\dimen191
\calc@Askip=\skip86
\calc@Bskip=\skip87
LaTeX Info: Redefining \setlength on input line 80.
LaTeX Info: Redefining \addtolength on input line 81.
\calc@Ccount=\count325
\calc@Cskip=\skip88
)
\c@vec@elem=\count326
) (c:/texlive/2025/texmf-dist/tex/latex/miller/miller.sty
Package: miller 2004/09/20 v1.2 print miller indices
) (c:/texlive/2025/texmf-dist/tex/latex/outlines/outlines.sty
Package: outlines 2012/1/23 1.1 Ch. Pecheur
) (c:/texlive/2025/texmf-dist/tex/latex/xcolor/xcolor.sty
Package: xcolor 2024/09/29 v3.02 LaTeX color extensions (UK)
 (c:/texlive/2025/texmf-dist/tex/latex/graphics-cfg/color.cfg
File: color.cfg 2016/01/02 v1.6 sample color configuration
)
Package xcolor Info: Driver file: pdftex.def on input line 274.
 (c:/texlive/2025/texmf-dist/tex/latex/graphics/mathcolor.ltx)
Package xcolor Info: Model `cmy' substituted by `cmy0' on input line 1349.
Package xcolor Info: Model `hsb' substituted by `rgb' on input line 1353.
Package xcolor Info: Model `RGB' extended on input line 1365.
Package xcolor Info: Model `HTML' substituted by `rgb' on input line 1367.
Package xcolor Info: Model `Hsb' substituted by `hsb' on input line 1368.
Package xcolor Info: Model `tHsb' substituted by `hsb' on input line 1369.
Package xcolor Info: Model `HSB' substituted by `hsb' on input line 1370.
Package xcolor Info: Model `Gray' substituted by `gray' on input line 1371.
Package xcolor Info: Model `wave' substituted by `hsb' on input line 1372.
) (c:/texlive/2025/texmf-dist/tex/latex/colortbl/colortbl.sty
Package: colortbl 2024/07/06 v1.0i Color table columns (DPC)
 (c:/texlive/2025/texmf-dist/tex/latex/tools/array.sty
Package: array 2024/10/17 v2.6g Tabular extension package (FMi)
\col@sep=\dimen192
\ar@mcellbox=\box62
\extrarowheight=\dimen193
\NC@list=\toks36
\extratabsurround=\skip89
\backup@length=\skip90
\ar@cellbox=\box63
)
\everycr=\toks37
\minrowclearance=\skip91
\rownum=\count327
) (c:/texlive/2025/texmf-dist/tex/latex/mhchem/mhchem.sty
Package: mhchem 2024/01/29 v4.10 for typesetting chemical formulae
 (c:/texlive/2025/texmf-dist/tex/latex/l3kernel/expl3.sty
Package: expl3 2025-01-18 L3 programming layer (loader) 
 (c:/texlive/2025/texmf-dist/tex/latex/l3backend/l3backend-pdftex.def
File: l3backend-pdftex.def 2024-05-08 L3 backend support: PDF output (pdfTeX)
\l__color_backend_stack_int=\count328
\l__pdf_internal_box=\box64
)) (c:/texlive/2025/texmf-dist/tex/latex/l3packages/l3keys2e/l3keys2e.sty
Package: l3keys2e 2024-08-16 LaTeX2e option processing using LaTeX3 keys
) (c:/texlive/2025/texmf-dist/tex/latex/chemgreek/chemgreek.sty (c:/texlive/2025/texmf-dist/tex/latex/l3packages/xparse/xparse.sty
Package: xparse 2024-08-16 L3 Experimental document command parser
)
Package: chemgreek 2020/01/16 v1.1a interface for upright Greek letters for use in chemistry (CN)
\l__chemgreek_tmpa_int=\count329
\g__chemgreek_tmpa_int=\count330
)
\l__mhchem_ce_distanceFromLastComma_int=\count331
\__mhchem_arrow_extPgfLength_skip=\skip92
\mhchem@minispace@tmp=\skip93
\mhchem@minibackspace@tmp=\skip94
\mhchem@bondwidth=\skip95
\mhchem@bondheight=\skip96
\mhchem@smallbondwidth@tmpA=\skip97
\mhchem@smallbondwidth@tmpB=\skip98
\mhchem@smallbondwidth=\skip99
\mhchem@bondtmp@minussidebearingleft=\skip100
\mhchem@bondtmp@minussidebearingright=\skip101
\l__mhchem_option_version_int=\count332
\mhchem@option@minusmathsidebearingleft=\dimen194
\mhchem@option@minusmathsidebearingright=\dimen195
\mhchem@option@minustextsidebearingleft=\dimen196
\mhchem@option@minustextsidebearingright=\dimen197


Package mhchem Warning: You did not specify a 'version' option for the mhchem
(mhchem)                package. Please write \usepackage[version=4]{mhchem}
(mhchem)                in your preamble (or any lower number for
(mhchem)                compatibility mode), because you might get slightly
(mhchem)                different output with the same input in future versions.

)
Package hyperref Info: Option `colorlinks' set `true' on input line 27.
 (./Thesis.aux)
\openout1 = `Thesis.aux'.

LaTeX Font Info:    Checking defaults for OML/cmm/m/it on input line 30.
LaTeX Font Info:    ... okay on input line 30.
LaTeX Font Info:    Checking defaults for OMS/cmsy/m/n on input line 30.
LaTeX Font Info:    ... okay on input line 30.
LaTeX Font Info:    Checking defaults for OT1/cmr/m/n on input line 30.
LaTeX Font Info:    ... okay on input line 30.
LaTeX Font Info:    Checking defaults for T1/cmr/m/n on input line 30.
LaTeX Font Info:    ... okay on input line 30.
LaTeX Font Info:    Checking defaults for TS1/cmr/m/n on input line 30.
LaTeX Font Info:    ... okay on input line 30.
LaTeX Font Info:    Checking defaults for OMX/cmex/m/n on input line 30.
LaTeX Font Info:    ... okay on input line 30.
LaTeX Font Info:    Checking defaults for U/cmr/m/n on input line 30.
LaTeX Font Info:    ... okay on input line 30.
LaTeX Font Info:    Checking defaults for PD1/pdf/m/n on input line 30.
LaTeX Font Info:    ... okay on input line 30.
LaTeX Font Info:    Checking defaults for PU/pdf/m/n on input line 30.
LaTeX Font Info:    ... okay on input line 30.
Package caption Info: Begin \AtBeginDocument code.
Package caption Info: hyperref package is loaded.
Package caption Info: listings package is loaded.
Package caption Info: longtable package is loaded.
 (c:/texlive/2025/texmf-dist/tex/latex/caption/ltcaption.sty
Package: ltcaption 2021/01/08 v1.4c longtable captions (AR)
)
Package caption Info: rotating package is loaded.
Package caption Info: subfigure package is loaded.
Package caption Info: End \AtBeginDocument code.
 (c:/texlive/2025/texmf-dist/tex/context/base/mkii/supp-pdf.mkii
[Loading MPS to PDF converter (version 2006.09.02).]
\scratchcounter=\count333
\scratchdimen=\dimen198
\scratchbox=\box65
\nofMPsegments=\count334
\nofMParguments=\count335
\everyMPshowfont=\toks38
\MPscratchCnt=\count336
\MPscratchDim=\dimen199
\MPnumerator=\count337
\makeMPintoPDFobject=\count338
\everyMPtoPDFconversion=\toks39
)
\c@lstlisting=\count339
Package hyperref Info: Link coloring ON on input line 30.
 (./Thesis.out) (./Thesis.out)
\@outlinefile=\write3
\openout3 = `Thesis.out'.


Package chemgreek Info: Activating mapping `default' on line 30.


------------------------------------------------------------------------------
 Title Page
------------------------------------------------------------------------------
<Figures/Monash_Black_RGB.jpg, id=112, 811.1103pt x 345.9324pt>
File: Figures/Monash_Black_RGB.jpg Graphic file (type jpg)
<use Figures/Monash_Black_RGB.jpg>
Package pdftex.def Info: Figures/Monash_Black_RGB.jpg  used on input line 62.
(pdftex.def)             Requested size: 417.47307pt x 178.04897pt.


[1



{c:/texlive/2025/texmf-var/fonts/map/pdftex/updmap/pdftex.map} <./Figures/Monash_Black_RGB.jpg>] (./Preamble/Abstract.tex
------------------------------------------------------------------------------
 Abstract
------------------------------------------------------------------------------
)

[1

]
------------------------------------------------------------------------------
 Table of Contents
------------------------------------------------------------------------------
(./Thesis.toc
LaTeX Font Info:    Trying to load font information for U+msa on input line 5.
 (c:/texlive/2025/texmf-dist/tex/latex/amsfonts/umsa.fd
File: umsa.fd 2013/01/14 v3.01 AMS symbols A
)
LaTeX Font Info:    Trying to load font information for U+msb on input line 5.
 (c:/texlive/2025/texmf-dist/tex/latex/amsfonts/umsb.fd
File: umsb.fd 2013/01/14 v3.01 AMS symbols B
))
\tf@toc=\write4
\openout4 = `Thesis.toc'.



[2


] (./Chapters/01-Introduction.tex
Chapter 1.
------------------------------------------------------------------------------
 1 Introduction
------------------------------------------------------------------------------


[1



]) (./Chapters/02-Literature review.tex

[2]
Chapter 2.
------------------------------------------------------------------------------
 2 Literature review
------------------------------------------------------------------------------
<Figures/slip_systems.pdf, id=169, 733.74126pt x 379.4175pt>
File: Figures/slip_systems.pdf Graphic file (type pdf)
<use Figures/slip_systems.pdf>
Package pdftex.def Info: Figures/slip_systems.pdf  used on input line 12.
(pdftex.def)             Requested size: 417.47307pt x 215.87653pt.
<Figures/CRSS_plot.pdf, id=170, 798.985pt x 630.355pt>
File: Figures/CRSS_plot.pdf Graphic file (type pdf)
<use Figures/CRSS_plot.pdf>
Package pdftex.def Info: Figures/CRSS_plot.pdf  used on input line 14.
(pdftex.def)             Requested size: 417.47307pt x 329.3639pt.

LaTeX Warning: `!h' float specifier changed to `!ht'.



[3

]

[4 <./Figures/slip_systems.pdf> <./Figures/CRSS_plot.pdf

pdfTeX warning: pdflatex.exe (file ./Figures/CRSS_plot.pdf): PDF inclusion: multiple pdfs with page group included in a single page
>]

[5{c:/texlive/2025/texmf-dist/fonts/enc/dvips/cm-super/cm-super-ts1.enc}]

LaTeX Warning: No positions in optional float specifier.
               Default added (so using `tbp') on input line 81.

<Figures/split_basal.pdf, id=280, 587.19376pt x 400.49625pt>
File: Figures/split_basal.pdf Graphic file (type pdf)
<use Figures/split_basal.pdf>
Package pdftex.def Info: Figures/split_basal.pdf  used on input line 83.
(pdftex.def)             Requested size: 417.47307pt x 284.73932pt.
<Figures/pf_unitcells.pdf, id=281, 503.8825pt x 523.9575pt>
File: Figures/pf_unitcells.pdf Graphic file (type pdf)
<use Figures/pf_unitcells.pdf>
Package pdftex.def Info: Figures/pf_unitcells.pdf  used on input line 86.
(pdftex.def)             Requested size: 292.22987pt x 303.87158pt.


[6]

[7 <./Figures/split_basal.pdf> <./Figures/pf_unitcells.pdf

pdfTeX warning: pdflatex.exe (file ./Figures/pf_unitcells.pdf): PDF inclusion: multiple pdfs with page group included in a single page
>]
<Figures/slipTransfer.pdf, id=873, 224.84pt x 151.56625pt>
File: Figures/slipTransfer.pdf Graphic file (type pdf)
<use Figures/slipTransfer.pdf>
Package pdftex.def Info: Figures/slipTransfer.pdf  used on input line 107.
(pdftex.def)             Requested size: 417.47307pt x 281.4547pt.
) (./Chapters/03-Research aims.tex

[8 <./Figures/slipTransfer.pdf>]
Chapter 3.
------------------------------------------------------------------------------
 3 Research aims
------------------------------------------------------------------------------


[9

]) (./Chapters/04-Methodology.tex

[10]
Chapter 4.
------------------------------------------------------------------------------
 4 Methodology
------------------------------------------------------------------------------


[11

]

[12]

[13]) (./Chapters/05-Research completed to date.tex

[14]
Chapter 5.
------------------------------------------------------------------------------
 5 Research completed to date
------------------------------------------------------------------------------
<Figures/plate_sheet_OM.jpg, id=969, 3702.33188pt x 1461.96187pt>
File: Figures/plate_sheet_OM.jpg Graphic file (type jpg)
<use Figures/plate_sheet_OM.jpg>
Package pdftex.def Info: Figures/plate_sheet_OM.jpg  used on input line 11.
(pdftex.def)             Requested size: 417.47307pt x 164.83168pt.
<Figures/pf_plate_axisCorrectedjpg.jpg, id=970, 4491.78125pt x 2239.36626pt>
File: Figures/pf_plate_axisCorrectedjpg.jpg Graphic file (type jpg)
<use Figures/pf_plate_axisCorrectedjpg.jpg>
Package pdftex.def Info: Figures/pf_plate_axisCorrectedjpg.jpg  used on input line 17.
(pdftex.def)             Requested size: 417.47307pt x 208.12906pt.

LaTeX Warning: `h' float specifier changed to `ht'.



[15

 <./Figures/plate_sheet_OM.jpg>]
<Figures/tensilePlotInset.pdf, id=980, 412.81226pt x 312.02145pt>
File: Figures/tensilePlotInset.pdf Graphic file (type pdf)
<use Figures/tensilePlotInset.pdf>
Package pdftex.def Info: Figures/tensilePlotInset.pdf  used on input line 39.
(pdftex.def)             Requested size: 417.47307pt x 315.5629pt.
<Figures/elastic_limit.pdf, id=981, 406.42903pt x 312.02145pt>
File: Figures/elastic_limit.pdf Graphic file (type pdf)
<use Figures/elastic_limit.pdf>
Package pdftex.def Info: Figures/elastic_limit.pdf  used on input line 42.
(pdftex.def)             Requested size: 250.48637pt x 192.30388pt.


LaTeX Warning: `!h' float specifier changed to `!ht'.



[16 <./Figures/pf_plate_axisCorrectedjpg.jpg>]

[17 <./Figures/tensilePlotInset.pdf> <./Figures/elastic_limit.pdf>]
<Figures/HIPtensile.pdf, id=1070, 412.81226pt x 312.02145pt>
File: Figures/HIPtensile.pdf Graphic file (type pdf)
<use Figures/HIPtensile.pdf>
Package pdftex.def Info: Figures/HIPtensile.pdf  used on input line 74.
(pdftex.def)             Requested size: 417.47307pt x 315.5629pt.
<Figures/AGG.jpg, id=1071, 7534.1475pt x 1721.43124pt>
File: Figures/AGG.jpg Graphic file (type jpg)
<use Figures/AGG.jpg>
Package pdftex.def Info: Figures/AGG.jpg  used on input line 77.
(pdftex.def)             Requested size: 417.47307pt x 95.37508pt.


LaTeX Warning: `h' float specifier changed to `ht'.



[18]

[19 <./Figures/HIPtensile.pdf> <./Figures/AGG.jpg>]
<Figures/pf_HIP_TLS.jpg, id=1112, 3359.80219pt x 1647.90656pt>
File: Figures/pf_HIP_TLS.jpg Graphic file (type jpg)
<use Figures/pf_HIP_TLS.jpg>
Package pdftex.def Info: Figures/pf_HIP_TLS.jpg  used on input line 94.
(pdftex.def)             Requested size: 417.47307pt x 204.7557pt.
<Figures/disorientationDist.pdf, id=1115, 386.63634pt x 312.02145pt>
File: Figures/disorientationDist.pdf Graphic file (type pdf)
<use Figures/disorientationDist.pdf>
Package pdftex.def Info: Figures/disorientationDist.pdf  used on input line 97.
(pdftex.def)             Requested size: 292.22987pt x 235.83899pt.


[20 <./Figures/pf_HIP_TLS.jpg> <./Figures/disorientationDist.pdf>]
<Figures/mPrimeMap_HIP.png, id=1164, 920.68968pt x 658.71094pt>
File: Figures/mPrimeMap_HIP.png Graphic file (type png)
<use Figures/mPrimeMap_HIP.png>
Package pdftex.def Info: Figures/mPrimeMap_HIP.png  used on input line 127.
(pdftex.def)             Requested size: 417.47307pt x 298.68872pt.
<Figures/mPrimeHistogram.pdf, id=1166, 366.36874pt x 295.1025pt>
File: Figures/mPrimeHistogram.pdf Graphic file (type pdf)
<use Figures/mPrimeHistogram.pdf>
Package pdftex.def Info: Figures/mPrimeHistogram.pdf  used on input line 130.
(pdftex.def)             Requested size: 333.97972pt x 269.02998pt.
) (./Chapters/06-Proposed research.tex

[21]

[22 <./Figures/mPrimeMap_HIP.png> <./Figures/mPrimeHistogram.pdf>]
Chapter 6.
------------------------------------------------------------------------------
 6 Proposed research
------------------------------------------------------------------------------


[23

]) (./Chapters/07-Reseach impact & Strategy.tex

[24]
Chapter 7.
------------------------------------------------------------------------------
 7 Research communication
------------------------------------------------------------------------------
)

[25

]
------------------------------------------------------------------------------
 Bibliography
------------------------------------------------------------------------------
(./Thesis.bbl
Underfull \hbox (badness 4927) in paragraph at lines 29--33
[]\OT1/cmr/m/n/10.95 Michael Bat-taini.  \OT1/cmr/m/it/10.95 De-for-ma-tion be-haviour and twin-ning mech-a-nisms of
 []


Underfull \hbox (badness 3323) in paragraph at lines 29--33
\OT1/cmr/m/it/10.95 com-mer-cially pure ti-ta-nium al-loys\OT1/cmr/m/n/10.95 .  PhD the-sis, Jan-uary 2017.  URL
 []


Underfull \hbox (badness 10000) in paragraph at lines 29--33
[][]$\OT1/cmtt/m/n/10.95 https : / / bridges . monash . edu / articles / thesis / Deformation _ behaviour _
 []


Underfull \hbox (badness 2253) in paragraph at lines 51--55
\OT1/cmr/m/n/10.95 uary 1995.  URL [][]$\OT1/cmtt/m/n/10.95 https : / / www . sciencedirect . com / science / article / pii /
 []



[26


]
Underfull \hbox (badness 5274) in paragraph at lines 74--81
[]\OT1/cmr/m/n/10.95 Yong Zhong, Fux-ing Yin, and Ko-tobu Na-gai.  Role of de-for-ma-tion
 []


Underfull \hbox (badness 3118) in paragraph at lines 74--81
\OT1/cmr/m/n/10.95 twin on tex-ture evo-lu-tion in cold-rolled commercial-purity Ti.  \OT1/cmr/m/it/10.95 Jour-nal
 []


Underfull \hbox (badness 3078) in paragraph at lines 74--81
\OT1/cmr/m/it/10.95 of Ma-te-ri-als Re-search\OT1/cmr/m/n/10.95 , 23(11):2954--2966, 2008.  ISSN 0884-2914.  doi:
 []


Underfull \hbox (badness 2460) in paragraph at lines 74--81
\OT1/cmr/m/n/10.95 10 . 1557 / JMR . 2008 . 0354$.  URL [][]$\OT1/cmtt/m/n/10.95 https : / / www . cambridge . org / core / product /
 []



[27])

[28] (./Thesis.aux)
 ***********
LaTeX2e <2024-11-01> patch level 2
L3 programming layer <2025-01-18>
 ***********
Package rerunfilecheck Info: File `Thesis.out' has not changed.
(rerunfilecheck)             Checksum: 06CFE0CC97C696C5ACB81C0705C50BCC;4612.
 ) 
Here is how much of TeX's memory you used:
 16285 strings out of 473190
 264278 string characters out of 5719979
 681672 words of memory out of 5000000
 39167 multiletter control sequences out of 15000+600000
 571224 words of font info for 82 fonts, out of 8000000 for 9000
 1141 hyphenation exceptions out of 8191
 78i,12n,81p,646b,584s stack positions out of 10000i,1000n,20000p,200000b,200000s
<c:/texlive/2025/texmf-dist/fonts/type1/public/amsfonts/cm/cmbx10.pfb><c:/texlive/2025/texmf-dist/fonts/type1/public/amsfonts/cm/cmbx12.pfb><c:/texlive/2025/texmf-dist/fonts/type1/public/amsfonts/cm/cmbx8.pfb><c:/texlive/2025/texmf-dist/fonts/type1/public/amsfonts/cm/cmcsc10.pfb><c:/texlive/2025/texmf-dist/fonts/type1/public/amsfonts/cm/cmmi10.pfb><c:/texlive/2025/texmf-dist/fonts/type1/public/amsfonts/cm/cmr10.pfb><c:/texlive/2025/texmf-dist/fonts/type1/public/amsfonts/cm/cmr12.pfb><c:/texlive/2025/texmf-dist/fonts/type1/public/amsfonts/cm/cmr17.pfb><c:/texlive/2025/texmf-dist/fonts/type1/public/amsfonts/cm/cmr7.pfb><c:/texlive/2025/texmf-dist/fonts/type1/public/amsfonts/cm/cmr8.pfb><c:/texlive/2025/texmf-dist/fonts/type1/public/amsfonts/cm/cmsy10.pfb><c:/texlive/2025/texmf-dist/fonts/type1/public/amsfonts/cm/cmsy7.pfb><c:/texlive/2025/texmf-dist/fonts/type1/public/amsfonts/cm/cmsy8.pfb><c:/texlive/2025/texmf-dist/fonts/type1/public/amsfonts/cm/cmti10.pfb><c:/texlive/2025/texmf-dist/fonts/type1/public/amsfonts/cm/cmtt10.pfb><c:/texlive/2025/texmf-dist/fonts/type1/public/cm-super/sfrm1095.pfb>
Output written on Thesis.pdf (31 pages, 9182256 bytes).
PDF statistics:
 1337 PDF objects out of 1440 (max. 8388607)
 848 compressed objects within 9 object streams
 102 named destinations out of 1000 (max. 500000)
 297 words of extra memory for PDF output out of 10000 (max. 10000000)

